mode: set
github.com/ashokhin/ceph-buckets/collector/bucket.go:219.118,221.2 1 0
github.com/ashokhin/ceph-buckets/collector/bucket.go:223.122,225.2 1 0
github.com/ashokhin/ceph-buckets/collector/bucket.go:227.134,229.2 1 0
github.com/ashokhin/ceph-buckets/collector/bucket.go:231.179,233.2 1 0
github.com/ashokhin/ceph-buckets/collector/bucket.go:235.143,237.2 1 0
github.com/ashokhin/ceph-buckets/collector/bucket.go:239.122,241.2 1 0
github.com/ashokhin/ceph-buckets/collector/bucket.go:243.158,245.2 1 0
github.com/ashokhin/ceph-buckets/collector/bucket.go:247.146,249.2 1 0
github.com/ashokhin/ceph-buckets/collector/bucket.go:251.143,253.2 1 0
github.com/ashokhin/ceph-buckets/collector/bucket.go:256.122,258.2 1 0
github.com/ashokhin/ceph-buckets/collector/bucket.go:260.134,262.2 1 0
github.com/ashokhin/ceph-buckets/collector/bucket.go:264.198,266.2 1 0
github.com/ashokhin/ceph-buckets/collector/bucket.go:270.81,273.42 2 1
github.com/ashokhin/ceph-buckets/collector/bucket.go:273.42,274.38 1 1
github.com/ashokhin/ceph-buckets/collector/bucket.go:275.23,276.83 1 1
github.com/ashokhin/ceph-buckets/collector/bucket.go:277.15,278.69 1 1
github.com/ashokhin/ceph-buckets/collector/bucket.go:279.16,280.71 1 1
github.com/ashokhin/ceph-buckets/collector/bucket.go:281.11,282.134 1 1
github.com/ashokhin/ceph-buckets/collector/bucket.go:286.2,287.38 2 1
github.com/ashokhin/ceph-buckets/collector/bucket.go:292.51,299.16 3 0
github.com/ashokhin/ceph-buckets/collector/bucket.go:299.16,305.3 3 0
github.com/ashokhin/ceph-buckets/collector/bucket.go:307.2,309.12 2 0
github.com/ashokhin/ceph-buckets/collector/bucket.go:312.104,313.16 1 1
github.com/ashokhin/ceph-buckets/collector/bucket.go:313.16,316.26 2 1
github.com/ashokhin/ceph-buckets/collector/bucket.go:316.26,317.46 1 1
github.com/ashokhin/ceph-buckets/collector/bucket.go:317.46,321.5 2 1
github.com/ashokhin/ceph-buckets/collector/bucket.go:321.10,327.5 3 1
github.com/ashokhin/ceph-buckets/collector/bucket.go:328.9,334.4 3 1
github.com/ashokhin/ceph-buckets/collector/bucket.go:337.2,343.16 4 1
github.com/ashokhin/ceph-buckets/collector/bucket.go:343.16,349.3 3 1
github.com/ashokhin/ceph-buckets/collector/bucket.go:351.2,353.34 2 1
github.com/ashokhin/ceph-buckets/collector/bucket.go:353.34,354.40 1 1
github.com/ashokhin/ceph-buckets/collector/bucket.go:355.44,358.61 2 1
github.com/ashokhin/ceph-buckets/collector/bucket.go:358.61,360.5 1 1
github.com/ashokhin/ceph-buckets/collector/bucket.go:361.102,362.78 1 1
github.com/ashokhin/ceph-buckets/collector/bucket.go:363.52,364.79 1 1
github.com/ashokhin/ceph-buckets/collector/bucket.go:365.11,366.169 1 1
github.com/ashokhin/ceph-buckets/collector/bucket.go:370.2,372.12 2 1
github.com/ashokhin/ceph-buckets/collector/bucket.go:376.54,386.2 4 0
github.com/ashokhin/ceph-buckets/collector/bucket.go:388.93,389.29 1 1
github.com/ashokhin/ceph-buckets/collector/bucket.go:389.29,391.3 1 1
github.com/ashokhin/ceph-buckets/collector/bucket.go:391.8,393.3 1 1
github.com/ashokhin/ceph-buckets/collector/bucket.go:398.58,406.16 3 0
github.com/ashokhin/ceph-buckets/collector/bucket.go:406.16,412.3 3 0
github.com/ashokhin/ceph-buckets/collector/bucket.go:414.2,416.12 2 0
github.com/ashokhin/ceph-buckets/collector/bucket.go:419.129,420.16 1 1
github.com/ashokhin/ceph-buckets/collector/bucket.go:420.16,423.26 2 1
github.com/ashokhin/ceph-buckets/collector/bucket.go:423.26,424.56 1 1
github.com/ashokhin/ceph-buckets/collector/bucket.go:424.56,428.5 2 1
github.com/ashokhin/ceph-buckets/collector/bucket.go:428.10,432.5 2 1
github.com/ashokhin/ceph-buckets/collector/bucket.go:433.9,437.4 2 1
github.com/ashokhin/ceph-buckets/collector/bucket.go:440.2,440.21 1 1
github.com/ashokhin/ceph-buckets/collector/bucket.go:440.21,442.3 1 1
github.com/ashokhin/ceph-buckets/collector/bucket.go:444.2,446.35 2 1
github.com/ashokhin/ceph-buckets/collector/bucket.go:446.35,449.22 2 1
github.com/ashokhin/ceph-buckets/collector/bucket.go:449.22,451.70 1 1
github.com/ashokhin/ceph-buckets/collector/bucket.go:451.70,453.5 1 1
github.com/ashokhin/ceph-buckets/collector/bucket.go:453.10,455.5 1 1
github.com/ashokhin/ceph-buckets/collector/bucket.go:457.9,457.29 1 1
github.com/ashokhin/ceph-buckets/collector/bucket.go:457.29,460.4 1 1
github.com/ashokhin/ceph-buckets/collector/bucket.go:462.3,465.43 3 1
github.com/ashokhin/ceph-buckets/collector/bucket.go:465.43,468.4 1 1
github.com/ashokhin/ceph-buckets/collector/bucket.go:468.9,471.4 1 1
github.com/ashokhin/ceph-buckets/collector/bucket.go:473.3,475.51 2 1
github.com/ashokhin/ceph-buckets/collector/bucket.go:481.70,491.2 4 0
github.com/ashokhin/ceph-buckets/collector/bucket.go:494.56,504.16 6 0
github.com/ashokhin/ceph-buckets/collector/bucket.go:504.16,508.3 2 0
github.com/ashokhin/ceph-buckets/collector/bucket.go:510.2,514.21 3 0
github.com/ashokhin/ceph-buckets/collector/bucket.go:514.21,516.29 1 0
github.com/ashokhin/ceph-buckets/collector/bucket.go:516.29,523.4 2 0
github.com/ashokhin/ceph-buckets/collector/bucket.go:523.9,531.4 2 0
github.com/ashokhin/ceph-buckets/collector/bucket.go:533.3,535.17 2 0
github.com/ashokhin/ceph-buckets/collector/bucket.go:535.17,536.22 1 0
github.com/ashokhin/ceph-buckets/collector/bucket.go:536.22,540.5 2 0
github.com/ashokhin/ceph-buckets/collector/bucket.go:540.10,544.5 2 0
github.com/ashokhin/ceph-buckets/collector/bucket.go:546.9,548.9 1 0
github.com/ashokhin/ceph-buckets/collector/bucket.go:552.2,552.12 1 0
github.com/ashokhin/ceph-buckets/collector/bucket.go:556.131,565.12 2 1
github.com/ashokhin/ceph-buckets/collector/bucket.go:566.14,570.28 2 1
github.com/ashokhin/ceph-buckets/collector/bucket.go:571.14,573.20 2 1
github.com/ashokhin/ceph-buckets/collector/bucket.go:574.15,577.21 3 1
github.com/ashokhin/ceph-buckets/collector/bucket.go:580.2,580.27 1 1
github.com/ashokhin/ceph-buckets/collector/bucket.go:580.27,581.18 1 1
github.com/ashokhin/ceph-buckets/collector/bucket.go:582.28,583.69 1 1
github.com/ashokhin/ceph-buckets/collector/bucket.go:584.33,585.88 1 1
github.com/ashokhin/ceph-buckets/collector/bucket.go:586.11,587.107 1 1
github.com/ashokhin/ceph-buckets/collector/bucket.go:591.2,603.42 2 1
github.com/ashokhin/ceph-buckets/collector/bucket.go:603.42,607.3 2 1
github.com/ashokhin/ceph-buckets/collector/bucket.go:609.2,611.13 2 1
github.com/ashokhin/ceph-buckets/collector/bucket.go:615.67,622.39 2 1
github.com/ashokhin/ceph-buckets/collector/bucket.go:622.39,625.3 1 1
github.com/ashokhin/ceph-buckets/collector/bucket.go:627.2,627.32 1 1
github.com/ashokhin/ceph-buckets/collector/bucket.go:627.32,630.3 1 1
github.com/ashokhin/ceph-buckets/collector/bucket.go:632.2,632.33 1 1
github.com/ashokhin/ceph-buckets/collector/bucket.go:632.33,635.3 1 1
github.com/ashokhin/ceph-buckets/collector/bucket.go:637.2,637.20 1 1
github.com/ashokhin/ceph-buckets/collector/bucket.go:637.20,641.3 2 1
github.com/ashokhin/ceph-buckets/collector/bucket.go:643.2,651.23 3 1
github.com/ashokhin/ceph-buckets/collector/bucket.go:654.40,658.2 2 1
github.com/ashokhin/ceph-buckets/collector/bucket.go:660.75,667.23 4 1
github.com/ashokhin/ceph-buckets/collector/bucket.go:667.23,669.19 1 1
github.com/ashokhin/ceph-buckets/collector/bucket.go:669.19,676.42 4 1
github.com/ashokhin/ceph-buckets/collector/bucket.go:676.42,684.5 6 1
github.com/ashokhin/ceph-buckets/collector/bucket.go:687.4,687.40 1 1
github.com/ashokhin/ceph-buckets/collector/bucket.go:687.40,694.5 5 1
github.com/ashokhin/ceph-buckets/collector/bucket.go:697.4,697.66 1 1
github.com/ashokhin/ceph-buckets/collector/bucket.go:697.66,698.73 1 1
github.com/ashokhin/ceph-buckets/collector/bucket.go:698.73,704.6 4 1
github.com/ashokhin/ceph-buckets/collector/bucket.go:707.4,707.32 1 1
github.com/ashokhin/ceph-buckets/collector/bucket.go:708.9,719.4 7 1
github.com/ashokhin/ceph-buckets/collector/bucket.go:723.2,723.35 1 1
github.com/ashokhin/ceph-buckets/collector/bucket.go:726.56,729.27 2 0
github.com/ashokhin/ceph-buckets/collector/bucket.go:729.27,734.22 3 0
github.com/ashokhin/ceph-buckets/collector/bucket.go:734.22,742.18 3 0
github.com/ashokhin/ceph-buckets/collector/bucket.go:742.18,744.23 1 0
github.com/ashokhin/ceph-buckets/collector/bucket.go:744.23,748.6 2 0
github.com/ashokhin/ceph-buckets/collector/bucket.go:748.11,752.6 2 0
github.com/ashokhin/ceph-buckets/collector/bucket.go:754.10,757.10 2 0
github.com/ashokhin/ceph-buckets/collector/bucket.go:763.2,763.35 1 0
github.com/ashokhin/ceph-buckets/collector/bucket.go:763.35,772.22 5 0
github.com/ashokhin/ceph-buckets/collector/bucket.go:772.22,786.18 4 0
github.com/ashokhin/ceph-buckets/collector/bucket.go:786.18,787.23 1 0
github.com/ashokhin/ceph-buckets/collector/bucket.go:787.23,791.6 2 0
github.com/ashokhin/ceph-buckets/collector/bucket.go:791.11,795.6 2 0
github.com/ashokhin/ceph-buckets/collector/bucket.go:796.10,798.10 1 0
github.com/ashokhin/ceph-buckets/collector/bucket.go:804.2,804.19 1 0
github.com/ashokhin/ceph-buckets/collector/bucket.go:805.24,815.48 1 0
github.com/ashokhin/ceph-buckets/collector/bucket.go:815.48,818.4 1 0
github.com/ashokhin/ceph-buckets/collector/bucket.go:820.15,821.101 1 0
github.com/ashokhin/ceph-buckets/collector/bucket.go:825.2,825.25 1 0
github.com/ashokhin/ceph-buckets/collector/bucket.go:826.13,829.17 2 0
github.com/ashokhin/ceph-buckets/collector/bucket.go:829.17,832.4 1 0
github.com/ashokhin/ceph-buckets/collector/bucket.go:834.17,837.17 2 0
github.com/ashokhin/ceph-buckets/collector/bucket.go:837.17,840.4 1 0
github.com/ashokhin/ceph-buckets/collector/bucket.go:842.15,843.121 1 0
github.com/ashokhin/ceph-buckets/collector/bucket.go:846.2,846.12 1 0
github.com/ashokhin/ceph-buckets/collector/bucket.go:849.84,852.32 2 1
github.com/ashokhin/ceph-buckets/collector/bucket.go:852.32,855.3 1 1
github.com/ashokhin/ceph-buckets/collector/bucket.go:857.2,859.39 2 1
github.com/ashokhin/ceph-buckets/collector/bucket.go:859.39,864.65 3 1
github.com/ashokhin/ceph-buckets/collector/bucket.go:864.65,868.4 2 1
github.com/ashokhin/ceph-buckets/collector/bucket.go:871.3,881.26 3 1
github.com/ashokhin/ceph-buckets/collector/bucket.go:881.26,883.4 1 1
github.com/ashokhin/ceph-buckets/collector/bucket.go:885.3,885.30 1 1
github.com/ashokhin/ceph-buckets/collector/bucket.go:885.30,887.4 1 1
github.com/ashokhin/ceph-buckets/collector/bucket.go:889.3,889.41 1 1
github.com/ashokhin/ceph-buckets/collector/bucket.go:892.2,892.17 1 1
github.com/ashokhin/ceph-buckets/collector/bucket.go:895.66,902.21 4 0
github.com/ashokhin/ceph-buckets/collector/bucket.go:902.21,913.17 4 0
github.com/ashokhin/ceph-buckets/collector/bucket.go:913.17,917.4 2 0
github.com/ashokhin/ceph-buckets/collector/bucket.go:919.3,919.25 1 0
github.com/ashokhin/ceph-buckets/collector/bucket.go:919.25,921.9 1 0
github.com/ashokhin/ceph-buckets/collector/bucket.go:925.3,941.17 4 0
github.com/ashokhin/ceph-buckets/collector/bucket.go:941.17,942.22 1 0
github.com/ashokhin/ceph-buckets/collector/bucket.go:942.22,944.5 1 0
github.com/ashokhin/ceph-buckets/collector/bucket.go:944.10,948.5 2 0
github.com/ashokhin/ceph-buckets/collector/bucket.go:950.4,950.31 1 0
github.com/ashokhin/ceph-buckets/collector/bucket.go:952.9,954.9 1 0
github.com/ashokhin/ceph-buckets/collector/bucket.go:959.2,959.12 1 0
github.com/ashokhin/ceph-buckets/collector/bucket.go:962.38,967.23 3 1
github.com/ashokhin/ceph-buckets/collector/bucket.go:967.23,970.3 1 1
github.com/ashokhin/ceph-buckets/collector/bucket.go:973.2,975.23 2 1
github.com/ashokhin/ceph-buckets/collector/bucket.go:975.23,978.3 1 1
github.com/ashokhin/ceph-buckets/collector/bucket.go:981.2,983.23 2 1
github.com/ashokhin/ceph-buckets/collector/bucket.go:983.23,986.3 1 1
github.com/ashokhin/ceph-buckets/collector/bucket.go:988.2,990.23 2 1
github.com/ashokhin/ceph-buckets/collector/bucket.go:990.23,993.3 1 1
github.com/ashokhin/ceph-buckets/collector/bucket.go:993.8,996.3 1 1
github.com/ashokhin/ceph-buckets/collector/bucket.go:999.69,1004.32 3 1
github.com/ashokhin/ceph-buckets/collector/bucket.go:1004.32,1007.3 1 1
github.com/ashokhin/ceph-buckets/collector/bucket.go:1009.2,1009.32 1 1
github.com/ashokhin/ceph-buckets/collector/bucket.go:1009.32,1017.3 4 1
github.com/ashokhin/ceph-buckets/collector/bucket.go:1017.8,1021.3 2 1
github.com/ashokhin/ceph-buckets/collector/bucket.go:1024.74,1034.42 4 0
github.com/ashokhin/ceph-buckets/collector/bucket.go:1034.42,1036.3 1 0
github.com/ashokhin/ceph-buckets/collector/bucket.go:1039.2,1041.45 2 0
github.com/ashokhin/ceph-buckets/collector/bucket.go:1041.45,1043.3 1 0
github.com/ashokhin/ceph-buckets/collector/bucket.go:1046.2,1048.49 2 0
github.com/ashokhin/ceph-buckets/collector/bucket.go:1048.49,1050.3 1 0
github.com/ashokhin/ceph-buckets/collector/bucket.go:1052.2,1055.61 3 0
github.com/ashokhin/ceph-buckets/collector/bucket.go:1055.61,1057.3 1 0
github.com/ashokhin/ceph-buckets/collector/bucket.go:1060.2,1060.31 1 0
github.com/ashokhin/ceph-buckets/collector/bucket.go:1060.31,1063.3 1 0
github.com/ashokhin/ceph-buckets/collector/bucket.go:1065.2,1067.10 2 0
github.com/ashokhin/ceph-buckets/collector/collector.go:49.35,52.2 2 1
github.com/ashokhin/ceph-buckets/collector/collector.go:54.45,55.74 1 1
github.com/ashokhin/ceph-buckets/collector/collector.go:55.74,58.3 1 1
github.com/ashokhin/ceph-buckets/collector/collector.go:60.2,60.12 1 1
github.com/ashokhin/ceph-buckets/collector/collector.go:63.46,73.44 6 1
github.com/ashokhin/ceph-buckets/collector/collector.go:73.44,75.3 1 1
github.com/ashokhin/ceph-buckets/collector/collector.go:77.2,81.9 3 1
github.com/ashokhin/ceph-buckets/collector/collector.go:83.27,86.19 2 1
github.com/ashokhin/ceph-buckets/collector/collector.go:86.19,88.4 1 1
github.com/ashokhin/ceph-buckets/collector/collector.go:88.9,90.4 1 1
github.com/ashokhin/ceph-buckets/collector/collector.go:92.3,92.132 1 1
github.com/ashokhin/ceph-buckets/collector/collector.go:92.132,99.4 1 0
github.com/ashokhin/ceph-buckets/collector/collector.go:101.3,104.4 1 1
github.com/ashokhin/ceph-buckets/collector/collector.go:106.56,110.4 1 1
github.com/ashokhin/ceph-buckets/collector/collector.go:112.10,113.77 1 1
github.com/ashokhin/ceph-buckets/collector/collector.go:116.2,116.16 1 1
github.com/ashokhin/ceph-buckets/collector/collector.go:116.16,120.3 2 0
github.com/ashokhin/ceph-buckets/collector/collector.go:122.2,124.12 2 1
github.com/ashokhin/ceph-buckets/collector/collector.go:127.56,130.66 2 1
github.com/ashokhin/ceph-buckets/collector/collector.go:130.66,135.3 3 1
github.com/ashokhin/ceph-buckets/collector/collector.go:138.2,140.48 2 1
github.com/ashokhin/ceph-buckets/collector/collector.go:140.48,141.53 1 1
github.com/ashokhin/ceph-buckets/collector/collector.go:141.53,142.22 1 1
github.com/ashokhin/ceph-buckets/collector/collector.go:143.24,145.126 2 1
github.com/ashokhin/ceph-buckets/collector/collector.go:147.4,147.12 1 1
github.com/ashokhin/ceph-buckets/collector/collector.go:148.9,151.4 2 1
github.com/ashokhin/ceph-buckets/collector/collector.go:154.2,156.12 2 1
github.com/ashokhin/ceph-buckets/collector/collector.go:159.55,163.41 3 1
github.com/ashokhin/ceph-buckets/collector/collector.go:163.41,165.44 1 1
github.com/ashokhin/ceph-buckets/collector/collector.go:165.44,168.12 2 1
github.com/ashokhin/ceph-buckets/collector/collector.go:171.3,177.31 4 1
github.com/ashokhin/ceph-buckets/collector/collector.go:180.2,180.19 1 1
github.com/ashokhin/ceph-buckets/collector/collector.go:183.45,186.81 2 1
github.com/ashokhin/ceph-buckets/collector/collector.go:186.81,190.3 2 1
github.com/ashokhin/ceph-buckets/collector/collector.go:192.2,192.12 1 1
github.com/ashokhin/ceph-buckets/collector/collector.go:195.43,200.16 3 1
github.com/ashokhin/ceph-buckets/collector/collector.go:200.16,204.3 2 1
github.com/ashokhin/ceph-buckets/collector/collector.go:206.2,211.21 4 1
github.com/ashokhin/ceph-buckets/collector/collector.go:211.21,215.44 3 1
github.com/ashokhin/ceph-buckets/collector/collector.go:215.44,216.22 1 1
github.com/ashokhin/ceph-buckets/collector/collector.go:217.24,219.132 2 1
github.com/ashokhin/ceph-buckets/collector/collector.go:220.27,221.100 1 1
github.com/ashokhin/ceph-buckets/collector/collector.go:222.25,223.86 1 1
github.com/ashokhin/ceph-buckets/collector/collector.go:225.4,225.12 1 1
github.com/ashokhin/ceph-buckets/collector/collector.go:226.9,230.4 2 1
github.com/ashokhin/ceph-buckets/collector/collector.go:233.2,233.12 1 1
github.com/ashokhin/ceph-buckets/collector/collector.go:236.54,245.45 6 0
github.com/ashokhin/ceph-buckets/collector/collector.go:245.45,249.3 2 0
github.com/ashokhin/ceph-buckets/collector/collector.go:251.2,255.16 3 0
github.com/ashokhin/ceph-buckets/collector/collector.go:255.16,259.3 2 0
github.com/ashokhin/ceph-buckets/collector/collector.go:261.2,267.49 5 0
github.com/ashokhin/ceph-buckets/collector/collector.go:267.49,271.3 2 0
github.com/ashokhin/ceph-buckets/collector/collector.go:273.2,275.36 2 0
github.com/ashokhin/ceph-buckets/collector/collector.go:275.36,278.3 2 0
github.com/ashokhin/ceph-buckets/collector/collector.go:278.8,281.3 2 0
github.com/ashokhin/ceph-buckets/collector/collector.go:283.2,285.38 2 0
github.com/ashokhin/ceph-buckets/collector/collector.go:285.38,289.3 2 0
github.com/ashokhin/ceph-buckets/collector/collector.go:291.2,295.27 3 0
github.com/ashokhin/ceph-buckets/collector/collector.go:295.27,297.3 1 0
github.com/ashokhin/ceph-buckets/collector/collector.go:299.2,299.12 1 0
github.com/ashokhin/ceph-buckets/collector/collector.go:302.121,310.38 5 0
github.com/ashokhin/ceph-buckets/collector/collector.go:310.38,317.3 4 0
github.com/ashokhin/ceph-buckets/collector/collector.go:319.2,319.124 1 0
github.com/ashokhin/ceph-buckets/collector/collector.go:322.45,325.45 2 0
github.com/ashokhin/ceph-buckets/collector/collector.go:325.45,329.3 2 0
github.com/ashokhin/ceph-buckets/collector/collector.go:331.2,333.35 2 0
github.com/ashokhin/ceph-buckets/collector/collector.go:333.35,339.28 4 0
github.com/ashokhin/ceph-buckets/collector/collector.go:339.28,341.4 1 0
github.com/ashokhin/ceph-buckets/collector/collector.go:345.2,345.24 1 0
github.com/ashokhin/ceph-buckets/collector/collector.go:348.47,354.31 3 1
github.com/ashokhin/ceph-buckets/collector/collector.go:354.31,356.3 1 1
github.com/ashokhin/ceph-buckets/collector/collector.go:358.2,362.16 3 1
github.com/ashokhin/ceph-buckets/collector/collector.go:362.16,366.3 2 1
github.com/ashokhin/ceph-buckets/collector/collector.go:368.2,374.38 5 1
github.com/ashokhin/ceph-buckets/collector/collector.go:374.38,375.17 1 1
github.com/ashokhin/ceph-buckets/collector/collector.go:375.17,381.50 3 1
github.com/ashokhin/ceph-buckets/collector/collector.go:381.50,385.5 2 1
github.com/ashokhin/ceph-buckets/collector/collector.go:388.3,393.52 4 1
github.com/ashokhin/ceph-buckets/collector/collector.go:393.52,397.4 2 0
github.com/ashokhin/ceph-buckets/collector/collector.go:400.2,400.12 1 1
github.com/ashokhin/ceph-buckets/collector/config.go:12.49,19.41 4 1
github.com/ashokhin/ceph-buckets/collector/config.go:19.41,23.3 2 1
github.com/ashokhin/ceph-buckets/collector/config.go:25.2,25.19 1 1
github.com/ashokhin/ceph-buckets/collector/config.go:25.19,26.43 1 1
github.com/ashokhin/ceph-buckets/collector/config.go:26.43,28.4 1 1
github.com/ashokhin/ceph-buckets/collector/config.go:31.2,34.62 2 1
github.com/ashokhin/ceph-buckets/collector/config.go:34.62,37.3 2 1
github.com/ashokhin/ceph-buckets/collector/config.go:39.2,39.19 1 1
github.com/ashokhin/ceph-buckets/collector/config.go:39.19,40.41 1 1
github.com/ashokhin/ceph-buckets/collector/config.go:40.41,42.4 1 1
github.com/ashokhin/ceph-buckets/collector/config.go:46.2,50.17 3 1
github.com/ashokhin/ceph-buckets/collector/config.go:50.17,53.45 2 1
github.com/ashokhin/ceph-buckets/collector/config.go:53.45,57.4 2 0
github.com/ashokhin/ceph-buckets/collector/config.go:58.8,60.3 1 1
github.com/ashokhin/ceph-buckets/collector/config.go:62.2,62.12 1 1
github.com/ashokhin/ceph-buckets/collector/config.go:65.50,70.53 3 0
github.com/ashokhin/ceph-buckets/collector/config.go:70.53,74.3 2 0
github.com/ashokhin/ceph-buckets/collector/config.go:76.2,78.44 2 0
github.com/ashokhin/ceph-buckets/collector/config.go:78.44,82.3 2 0
github.com/ashokhin/ceph-buckets/collector/config.go:84.2,84.12 1 0
github.com/ashokhin/ceph-buckets/collector/config.go:87.57,95.62 4 0
github.com/ashokhin/ceph-buckets/collector/config.go:95.62,98.3 2 0
github.com/ashokhin/ceph-buckets/collector/config.go:100.2,102.19 2 0
github.com/ashokhin/ceph-buckets/collector/config.go:102.19,103.42 1 0
github.com/ashokhin/ceph-buckets/collector/config.go:103.42,105.4 1 0
github.com/ashokhin/ceph-buckets/collector/config.go:108.2,110.53 2 0
github.com/ashokhin/ceph-buckets/collector/config.go:110.53,114.3 2 0
github.com/ashokhin/ceph-buckets/collector/config.go:116.2,118.19 2 0
github.com/ashokhin/ceph-buckets/collector/config.go:118.19,119.44 1 0
github.com/ashokhin/ceph-buckets/collector/config.go:119.44,121.4 1 0
github.com/ashokhin/ceph-buckets/collector/config.go:124.2,128.16 3 0
github.com/ashokhin/ceph-buckets/collector/config.go:128.16,131.66 2 0
github.com/ashokhin/ceph-buckets/collector/config.go:131.66,136.4 3 0
github.com/ashokhin/ceph-buckets/collector/config.go:138.3,144.44 4 0
github.com/ashokhin/ceph-buckets/collector/config.go:144.44,149.4 3 0
github.com/ashokhin/ceph-buckets/collector/config.go:151.8,155.3 2 0
github.com/ashokhin/ceph-buckets/collector/config.go:157.2,157.18 1 0
github.com/ashokhin/ceph-buckets/collector/config.go:160.44,166.16 4 1
github.com/ashokhin/ceph-buckets/collector/config.go:166.16,170.3 2 1
github.com/ashokhin/ceph-buckets/collector/config.go:173.2,173.60 1 1
github.com/ashokhin/ceph-buckets/collector/config.go:173.60,176.3 2 1
github.com/ashokhin/ceph-buckets/collector/config.go:178.2,182.16 3 1
github.com/ashokhin/ceph-buckets/collector/config.go:182.16,186.3 2 0
github.com/ashokhin/ceph-buckets/collector/config.go:188.2,188.64 1 1
github.com/ashokhin/ceph-buckets/collector/config.go:188.64,191.3 1 1
github.com/ashokhin/ceph-buckets/collector/config.go:193.2,193.12 1 1
github.com/ashokhin/ceph-buckets/collector/config.go:196.44,201.60 3 1
github.com/ashokhin/ceph-buckets/collector/config.go:201.60,206.3 3 1
github.com/ashokhin/ceph-buckets/collector/config.go:208.2,208.45 1 1
github.com/ashokhin/ceph-buckets/collector/config.go:208.45,212.3 2 1
github.com/ashokhin/ceph-buckets/collector/config.go:214.2,214.12 1 1
github.com/ashokhin/ceph-buckets/collector/error.go:10.42,14.2 1 1
github.com/ashokhin/ceph-buckets/collector/error.go:16.40,18.2 1 1
github.com/ashokhin/ceph-buckets/collector/error.go:25.62,29.2 1 1
github.com/ashokhin/ceph-buckets/collector/error.go:31.43,33.2 1 0
github.com/ashokhin/ceph-buckets/collector/error.go:40.58,44.2 1 1
github.com/ashokhin/ceph-buckets/collector/error.go:46.41,48.2 1 0
github.com/ashokhin/ceph-buckets/collector/error.go:55.35,57.2 1 1
github.com/ashokhin/ceph-buckets/collector/file.go:13.40,18.24 3 1
github.com/ashokhin/ceph-buckets/collector/file.go:18.24,20.3 1 1
github.com/ashokhin/ceph-buckets/collector/file.go:23.2,23.22 1 1
github.com/ashokhin/ceph-buckets/collector/file.go:23.22,25.3 1 1
github.com/ashokhin/ceph-buckets/collector/file.go:27.2,27.12 1 1
github.com/ashokhin/ceph-buckets/collector/file.go:33.78,39.45 4 1
github.com/ashokhin/ceph-buckets/collector/file.go:39.45,42.25 2 1
github.com/ashokhin/ceph-buckets/collector/file.go:42.25,46.4 2 1
github.com/ashokhin/ceph-buckets/collector/file.go:48.3,48.32 1 1
github.com/ashokhin/ceph-buckets/collector/file.go:48.32,52.4 2 1
github.com/ashokhin/ceph-buckets/collector/file.go:55.2,57.16 2 1
github.com/ashokhin/ceph-buckets/collector/file.go:57.16,61.3 2 0
github.com/ashokhin/ceph-buckets/collector/file.go:63.2,63.47 1 1
github.com/ashokhin/ceph-buckets/collector/file.go:63.47,67.3 2 1
github.com/ashokhin/ceph-buckets/collector/file.go:69.2,69.12 1 1
github.com/ashokhin/ceph-buckets/collector/file.go:72.78,75.16 2 1
github.com/ashokhin/ceph-buckets/collector/file.go:75.16,80.3 3 0
github.com/ashokhin/ceph-buckets/collector/file.go:82.2,82.59 1 1
github.com/ashokhin/ceph-buckets/collector/file.go:82.59,86.3 2 1
github.com/ashokhin/ceph-buckets/collector/file.go:87.2,87.12 1 1
github.com/ashokhin/ceph-buckets/collector/func.go:14.48,15.24 1 1
github.com/ashokhin/ceph-buckets/collector/func.go:15.24,17.15 1 1
github.com/ashokhin/ceph-buckets/collector/func.go:17.15,20.4 1 1
github.com/ashokhin/ceph-buckets/collector/func.go:23.2,23.14 1 1
github.com/ashokhin/ceph-buckets/collector/func.go:26.50,31.2 3 1
github.com/ashokhin/ceph-buckets/collector/func.go:33.56,38.24 3 1
github.com/ashokhin/ceph-buckets/collector/func.go:38.24,40.3 1 1
github.com/ashokhin/ceph-buckets/collector/func.go:42.2,42.10 1 1
github.com/ashokhin/ceph-buckets/collector/func.go:45.37,47.2 1 1
github.com/ashokhin/ceph-buckets/collector/func.go:49.73,52.73 2 1
github.com/ashokhin/ceph-buckets/collector/func.go:52.73,56.3 2 1
github.com/ashokhin/ceph-buckets/collector/func.go:58.2,58.59 1 1
github.com/ashokhin/ceph-buckets/collector/func.go:58.59,62.3 2 1
github.com/ashokhin/ceph-buckets/collector/func.go:64.2,64.61 1 1
github.com/ashokhin/ceph-buckets/collector/func.go:64.61,68.3 2 1
github.com/ashokhin/ceph-buckets/collector/func.go:70.2,70.13 1 1
github.com/ashokhin/ceph-buckets/collector/func.go:73.114,76.47 2 1
github.com/ashokhin/ceph-buckets/collector/func.go:76.47,80.3 2 1
github.com/ashokhin/ceph-buckets/collector/func.go:82.2,82.34 1 1
github.com/ashokhin/ceph-buckets/collector/func.go:82.34,84.47 1 1
github.com/ashokhin/ceph-buckets/collector/func.go:84.47,88.4 2 1
github.com/ashokhin/ceph-buckets/collector/func.go:91.2,91.13 1 1
github.com/ashokhin/ceph-buckets/collector/parser.go:11.50,14.16 2 1
github.com/ashokhin/ceph-buckets/collector/parser.go:14.16,18.3 2 1
github.com/ashokhin/ceph-buckets/collector/parser.go:20.2,29.16 7 1
github.com/ashokhin/ceph-buckets/collector/parser.go:29.16,33.3 2 0
github.com/ashokhin/ceph-buckets/collector/parser.go:35.2,35.24 1 1
github.com/ashokhin/ceph-buckets/collector/parser.go:39.63,41.40 1 1
github.com/ashokhin/ceph-buckets/collector/parser.go:41.40,42.17 1 1
github.com/ashokhin/ceph-buckets/collector/parser.go:42.17,43.76 1 1
github.com/ashokhin/ceph-buckets/collector/parser.go:43.76,46.13 2 1
github.com/ashokhin/ceph-buckets/collector/parser.go:50.3,54.50 3 1
github.com/ashokhin/ceph-buckets/collector/parser.go:54.50,59.4 2 0
github.com/ashokhin/ceph-buckets/collector/parser.go:59.9,63.4 2 1
github.com/ashokhin/ceph-buckets/collector/parser.go:65.3,67.25 2 1
github.com/ashokhin/ceph-buckets/collector/parser.go:67.25,70.4 2 1
github.com/ashokhin/ceph-buckets/collector/parser.go:72.3,72.25 1 1
github.com/ashokhin/ceph-buckets/collector/parser.go:72.25,75.4 2 1
github.com/ashokhin/ceph-buckets/collector/parser.go:77.3,77.32 1 1
